{"level":"info","message":"Order.expire"}
{"message":"checking balance order  cd /root/deeponion && ./DeepOniond getbalance 088fdf9837787674355baa0ce7f00c92b0468ba1c3f4d2626089527b9f80752d9d579d9690dac51b88de7327b214cfc0ad51f9e6027ba160cce8f2","level":"info"}
{"message":"order time bal check with     [object Object] ","level":"info"}
{"message":"getbalance [object Object]","level":"info"}
{"level":"info","message":"Order.expire"}
{"message":"checking balance order  cd /root/deeponion && ./DeepOniond getbalance 088fdf9837787674355baa0ce7f00c92b0468ba1c3f4d2626089527b9f80752d9d579d9690dac51b88de7327b214cfc0ad51f9e6027ba160cce8f2","level":"info"}
{"message":"order time bal check with     [object Object] ","level":"info"}
{"message":"getbalance [object Object]","level":"info"}
{"level":"info","message":"Order.expire"}
{"message":"checking balance order  cd /root/deeponion && ./DeepOniond getbalance 088fdf9837787674355baa0ce7f00c92b0468ba1c3f4d2626089527b9f80752d9d579d9690dac51b88de7327b214cfc0ad51f9e6027ba160cce8f2","level":"info"}
{"message":"order time bal check with     [object Object] ","level":"info"}
{"message":"getbalance [object Object]","level":"info"}
{"level":"info","message":"Order.expire"}
{"message":"checking balance order  cd /root/deeponion && ./DeepOniond getbalance 088fdf9837787674355baa0ce7f00c92b0468ba1c3f4d2626089527b9f80752d9d579d9690dac51b88de7327b214cfc0ad51f9e6027ba160cce8f2","level":"info"}
{"message":"order time bal check with     [object Object] ","level":"info"}
{"message":"getbalance [object Object]","level":"info"}
{"message":"updating  5c233912aea6ed2170079f47 Orders by  [object Object]","level":"info"}
{"message":"updation success Orders.findByIdAndUpdateupdating data 5c233912aea6ed2170079f47","level":"info"}
{"message":"order update on payment done  bal check with     { orderInfo: \n   [ { order_id: '162',\n       invoice_no: '0',\n       invoice_prefix: 'INV-2018-00',\n       store_id: '0',\n       store_name: 'Your Store',\n       store_url: 'http://localhost/opencart/',\n       customer_id: '1',\n       firstname: 'lakhvinder',\n       lastname: 'singh',\n       email: 'lakhvinder.auspicioussoft@gmail.com',\n       telephone: '21212',\n       custom_field: null,\n       payment_firstname: 'lakhvinder',\n       payment_lastname: 'singh',\n       payment_company: '',\n       payment_address_1: 'saxfhbf',\n       payment_address_2: '',\n       payment_postcode: '12345',\n       payment_city: '2ss',\n       payment_zone_id: '1480',\n       payment_zone: 'Chandigarh',\n       payment_zone_code: 'CH',\n       payment_country_id: '99',\n       payment_country: 'India',\n       payment_iso_code_2: 'IN',\n       payment_iso_code_3: 'IND',\n       payment_address_format: '',\n       payment_custom_field: [],\n       payment_method: 'Deep Onion',\n       payment_code: 'deep_onion',\n       shipping_firstname: '',\n       shipping_lastname: '',\n       shipping_company: '',\n       shipping_address_1: '',\n       shipping_address_2: '',\n       shipping_postcode: '',\n       shipping_city: '',\n       shipping_zone_id: '0',\n       shipping_zone: '',\n       shipping_zone_code: '',\n       shipping_country_id: '0',\n       shipping_country: '',\n       shipping_iso_code_2: '',\n       shipping_iso_code_3: '',\n       shipping_address_format: '',\n       shipping_custom_field: [],\n       shipping_method: '',\n       shipping_code: '',\n       comment: '',\n       total: '0.0100',\n       order_status_id: '0',\n       order_status: null,\n       affiliate_id: '0',\n       commission: '0.0000',\n       language_id: '1',\n       language_code: 'en-gb',\n       currency_id: '2',\n       currency_code: 'USD',\n       currency_value: '1.00000000',\n       ip: '::1',\n       forwarded_ip: '',\n       user_agent: 'Mozilla/5.0 (Windows NT 10.0; Win64; x64; rv:64.0) Gecko/20100101 Firefox/64.0',\n       accept_language: 'en-US,en;q=0.5',\n       date_added: '2018-12-26 13:47:15',\n       date_modified: '2018-12-26 13:47:15',\n       cancelUrl: 'http://localhost/opencart/index.php?route=extension/payment/deep_onion/failed&',\n       successUrl: 'http://localhost/opencart/index.php?route=extension/payment/deep_onion/completed&',\n       platformId: '5c0e6af6dcd6c418d4f90d46' } ],\n  _id: 5c233912aea6ed2170079f47,\n  email: 'lakhvinder.auspicioussoft@gmail.com',\n  total: '0.0100',\n  cancelUrl: 'http://localhost/opencart/index.php?route=extension/payment/deep_onion/failed&',\n  successUrl: 'http://localhost/opencart/index.php?route=extension/payment/deep_onion/completed&',\n  storeOrderId: '162',\n  status: true,\n  address: 'Ddvep2hnU99trBxKF46TbjwoMnsY86kbfS',\n  coin: '0.054976024117497996',\n  expire: '1545812242596',\n  NamedAddress: '',\n  platformId: '5c0e6af6dcd6c418d4f90d46',\n  __v: 0 } ","level":"info"}
{"message":"platform finding   status undefined data 5c0e6af6dcd6c418d4f90d46 ","level":"info"}
{"message":"Order finding   status true data 5c233912aea6ed2170079f47 ","level":"info"}
{"message":"request for transaction with order id 5c233912aea6ed2170079f47","level":"info"}
{"message":"request for transaction with order id 5c233912aea6ed2170079f47 ready for send coin [object Object]","level":"info"}
{"message":"cd /root/deeponion && ./DeepOniond  sendfrom 088fdf9837787674355baa0ce7f00c92b0468ba1c3f4d2626089527b9f80752d9d579d9690dac51b88de7327b214cfc0ad51f9e6027ba160cce8f2 DUk5EStsnzzTF34qfsJMmKGcgqfESHXTXc  0.054976024117497996","level":"info"}
{"message":"ssh2-promise  cd /root/deeponion && ./DeepOniond  sendfrom 088fdf9837787674355baa0ce7f00c92b0468ba1c3f4d2626089527b9f80752d9d579d9690dac51b88de7327b214cfc0ad51f9e6027ba160cce8f2 DUk5EStsnzzTF34qfsJMmKGcgqfESHXTXc  0.054976024117497996","level":"info"}
{"message":"ssh2-promise suc  4c75e109584188750cb82f2b887aadbd422f8d3c6caa3c786f20d67e5fecd3a3\n","level":"info"}
{"message":"request for transaction with order id 5c233912aea6ed2170079f47 success for  [object Object] with res 4c75e109584188750cb82f2b887aadbd422f8d3c6caa3c786f20d67e5fecd3a3\n","level":"info"}
{"message":"transaction with order id 5c233912aea6ed2170079f47 saved  ","level":"info"}
{"message":"request for transaction with order id 5c233912aea6ed2170079f47","level":"info"}
{"message":"request for transaction with order id 5c233912aea6ed2170079f47 already done","level":"info"}
{"message":"platform finding   status undefined data 5c0e6af6dcd6c418d4f90d46 ","level":"info"}
{"message":"Order finding   status true data 5c233912aea6ed2170079f47 ","level":"info"}
{"message":"request for transaction with order id 5c233912aea6ed2170079f47","level":"info"}
{"message":"request for transaction with order id 5c233912aea6ed2170079f47 already done","level":"info"}
{"message":"request for transaction with order id 5c233912aea6ed2170079f47","level":"info"}
{"message":"request for transaction with order id 5c233912aea6ed2170079f47 already done","level":"info"}
{"message":"platform finding   status undefined data 5c0e6af6dcd6c418d4f90d46 ","level":"info"}
{"message":"Order finding   status true data 5c233912aea6ed2170079f47 ","level":"info"}
{"message":"request for transaction with order id 5c233912aea6ed2170079f47","level":"info"}
{"message":"request for transaction with order id 5c233912aea6ed2170079f47 already done","level":"info"}
{"message":"platform finding   status undefined data 5c0e6af6dcd6c418d4f90d46 ","level":"info"}
{"message":"Order finding   status true data 5c233912aea6ed2170079f47 ","level":"info"}
{"message":"request for transaction with order id 5c233912aea6ed2170079f47","level":"info"}
{"message":"request for transaction with order id 5c233912aea6ed2170079f47 already done","level":"info"}
{"message":"platform finding   status undefined data 5c0e6af6dcd6c418d4f90d46 ","level":"info"}
{"message":"Order finding   status true data 5c233912aea6ed2170079f47 ","level":"info"}
{"message":"request for transaction with order id 5c233912aea6ed2170079f47","level":"info"}
{"message":"request for transaction with order id 5c233912aea6ed2170079f47 already done","level":"info"}
{"message":"platform finding   status undefined data 5c0e6af6dcd6c418d4f90d46 ","level":"info"}
{"message":"Order finding   status true data 5c233912aea6ed2170079f47 ","level":"info"}
{"message":"request for transaction with order id 5c233912aea6ed2170079f47","level":"info"}
{"message":"request for transaction with order id 5c233912aea6ed2170079f47 already done","level":"info"}
{"message":"platform finding   status undefined data 5c0e6af6dcd6c418d4f90d46 ","level":"info"}
{"message":"Order finding   status true data 5c233912aea6ed2170079f47 ","level":"info"}
{"message":"request for transaction with order id 5c233912aea6ed2170079f47","level":"info"}
{"message":"request for transaction with order id 5c233912aea6ed2170079f47 already done","level":"info"}
{"message":"creating order  { orderInfo: \n   [ { order_id: '2',\n       invoice_no: '0',\n       invoice_prefix: 'INV-2018-00',\n       store_id: '0',\n       store_name: 'Your Store',\n       store_url: 'http://localhost/onionopencart/',\n       customer_id: '1',\n       firstname: 'lakhvinder',\n       lastname: 'singh',\n       email: 'lakhvinder.auspicioussoft@gmail.com',\n       telephone: '553535',\n       custom_field: null,\n       payment_firstname: 'lakhvinder',\n       payment_lastname: 'singh',\n       payment_company: '',\n       payment_address_1: 'lakhvinder.auspicioussoft',\n       payment_address_2: '',\n       payment_postcode: 'jhhj45',\n       payment_city: 'lakhvinder.auspicioussoft',\n       payment_zone_id: '3526',\n       payment_zone: 'Cardiff',\n       payment_zone_code: 'CDF',\n       payment_country_id: '222',\n       payment_country: 'United Kingdom',\n       payment_iso_code_2: 'GB',\n       payment_iso_code_3: 'GBR',\n       payment_address_format: '',\n       payment_custom_field: [],\n       payment_method: 'Deep Onion',\n       payment_code: 'deep_onion',\n       shipping_firstname: '',\n       shipping_lastname: '',\n       shipping_company: '',\n       shipping_address_1: '',\n       shipping_address_2: '',\n       shipping_postcode: '',\n       shipping_city: '',\n       shipping_zone_id: '0',\n       shipping_zone: '',\n       shipping_zone_code: '',\n       shipping_country_id: '0',\n       shipping_country: '',\n       shipping_iso_code_2: '',\n       shipping_iso_code_3: '',\n       shipping_address_format: '',\n       shipping_custom_field: [],\n       shipping_method: '',\n       shipping_code: '',\n       comment: '',\n       total: '0.0100',\n       order_status_id: '0',\n       order_status: null,\n       affiliate_id: '0',\n       commission: '0.0000',\n       language_id: '1',\n       language_code: 'en-gb',\n       currency_id: '2',\n       currency_code: 'USD',\n       currency_value: '1.00000000',\n       ip: '127.0.0.1',\n       forwarded_ip: '',\n       user_agent: 'Mozilla/5.0 (Windows NT 10.0; Win64; x64; rv:64.0) Gecko/20100101 Firefox/64.0',\n       accept_language: 'en-US,en;q=0.5',\n       date_added: '2018-12-29 12:19:41',\n       date_modified: '2018-12-29 12:19:41',\n       cancelUrl: 'http://localhost/onionopencart/index.php?route=extension/payment/deep_onion/failed&',\n       successUrl: 'http://localhost/onionopencart/index.php?route=extension/payment/deep_onion/completed&',\n       platformId: '5c24af3c6d515e32e4808104' } ],\n  _id: 5c271908fc307b0d1437d97c,\n  email: 'lakhvinder.auspicioussoft@gmail.com',\n  total: '0.0100',\n  cancelUrl: 'http://localhost/onionopencart/index.php?route=extension/payment/deep_onion/failed&',\n  successUrl: 'http://localhost/onionopencart/index.php?route=extension/payment/deep_onion/completed&',\n  storeOrderId: '2',\n  status: false,\n  address: '',\n  coin: '0.051444',\n  expire: '1546066184236',\n  NamedAddress: '',\n  platformId: '5c24af3c6d515e32e4808104' }","level":"info"}
{"message":"Order created   5c24af3c6d515e32e4808104 status true data 5c271908fc307b0d1437d97c ","level":"info"}
{"message":"creating address  cd /root/deeponion && ./DeepOniond getnewaddress 088fdf9837787674355baa0ce7f00c92b0468ba1c3f4d2626089527b9f80752d9d579d9690dac11988df7920b446c992ab53ace00678a13d93eba6","level":"info"}
{"message":"ssh2-promise  cd /root/deeponion && ./DeepOniond getnewaddress 088fdf9837787674355baa0ce7f00c92b0468ba1c3f4d2626089527b9f80752d9d579d9690dac11988df7920b446c992ab53ace00678a13d93eba6","level":"info"}
{"message":"ssh2-promise suc  DergRasejnZekT9kL2w1NLvQrAd4xiPJtb\n","level":"info"}
{"message":"creating address success [object Object]","level":"info"}
{"message":"created  address  { _id: 5c27190bfc307b0d1437d97d,\n  email: 'lakhvinder.auspicioussoft@gmail.com',\n  address: 'DergRasejnZekT9kL2w1NLvQrAd4xiPJtb',\n  meta: '088fdf9837787674355baa0ce7f00c92b0468ba1c3f4d2626089527b9f80752d9d579d9690dac11988df7920b446c992ab53ace00678a13d93eba6',\n  balance: '0',\n  __v: 0 } status true  ","level":"info"}
{"message":"updating  5c271908fc307b0d1437d97c Orders by  [object Object]","level":"info"}
{"message":"updation success Orders.findByIdAndUpdateupdating data 5c271908fc307b0d1437d97c","level":"info"}
{"level":"info","message":"Order.expire"}
{"message":"checking balance order  cd /root/deeponion && ./DeepOniond getbalance 088fdf9837787674355baa0ce7f00c92b0468ba1c3f4d2626089527b9f80752d9d579d9690dac11988df7920b446c992ab53ace00678a13d93eba6","level":"info"}
{"message":"created  address  { _id: 5c27190bfc307b0d1437d97d,\n  email: 'lakhvinder.auspicioussoft@gmail.com',\n  address: 'DergRasejnZekT9kL2w1NLvQrAd4xiPJtb',\n  meta: '088fdf9837787674355baa0ce7f00c92b0468ba1c3f4d2626089527b9f80752d9d579d9690dac11988df7920b446c992ab53ace00678a13d93eba6',\n  balance: '0',\n  __v: 0 } status true  ","level":"info"}
{"message":"updating  5c271908fc307b0d1437d97c Orders by  [object Object]","level":"info"}
{"message":"updation success Orders.findByIdAndUpdateupdating data 5c271908fc307b0d1437d97c","level":"info"}
{"level":"info","message":"Order.expire"}
{"message":"checking balance order  cd /root/deeponion && ./DeepOniond getbalance 088fdf9837787674355baa0ce7f00c92b0468ba1c3f4d2626089527b9f80752d9d579d9690dac11988df7920b446c992ab53ace00678a13d93eba6","level":"info"}
{"message":"order time bal check with     [object Object] ","level":"info"}
{"message":"getbalance [object Object]","level":"info"}
{"message":"updating  5c271908fc307b0d1437d97c Orders by  [object Object]","level":"info"}
{"message":"updation success Orders.findByIdAndUpdateupdating data 5c271908fc307b0d1437d97c","level":"info"}
{"message":"order update on payment done  bal check with     { orderInfo: \n   [ { order_id: '2',\n       invoice_no: '0',\n       invoice_prefix: 'INV-2018-00',\n       store_id: '0',\n       store_name: 'Your Store',\n       store_url: 'http://localhost/onionopencart/',\n       customer_id: '1',\n       firstname: 'lakhvinder',\n       lastname: 'singh',\n       email: 'lakhvinder.auspicioussoft@gmail.com',\n       telephone: '553535',\n       custom_field: null,\n       payment_firstname: 'lakhvinder',\n       payment_lastname: 'singh',\n       payment_company: '',\n       payment_address_1: 'lakhvinder.auspicioussoft',\n       payment_address_2: '',\n       payment_postcode: 'jhhj45',\n       payment_city: 'lakhvinder.auspicioussoft',\n       payment_zone_id: '3526',\n       payment_zone: 'Cardiff',\n       payment_zone_code: 'CDF',\n       payment_country_id: '222',\n       payment_country: 'United Kingdom',\n       payment_iso_code_2: 'GB',\n       payment_iso_code_3: 'GBR',\n       payment_address_format: '',\n       payment_custom_field: [],\n       payment_method: 'Deep Onion',\n       payment_code: 'deep_onion',\n       shipping_firstname: '',\n       shipping_lastname: '',\n       shipping_company: '',\n       shipping_address_1: '',\n       shipping_address_2: '',\n       shipping_postcode: '',\n       shipping_city: '',\n       shipping_zone_id: '0',\n       shipping_zone: '',\n       shipping_zone_code: '',\n       shipping_country_id: '0',\n       shipping_country: '',\n       shipping_iso_code_2: '',\n       shipping_iso_code_3: '',\n       shipping_address_format: '',\n       shipping_custom_field: [],\n       shipping_method: '',\n       shipping_code: '',\n       comment: '',\n       total: '0.0100',\n       order_status_id: '0',\n       order_status: null,\n       affiliate_id: '0',\n       commission: '0.0000',\n       language_id: '1',\n       language_code: 'en-gb',\n       currency_id: '2',\n       currency_code: 'USD',\n       currency_value: '1.00000000',\n       ip: '127.0.0.1',\n       forwarded_ip: '',\n       user_agent: 'Mozilla/5.0 (Windows NT 10.0; Win64; x64; rv:64.0) Gecko/20100101 Firefox/64.0',\n       accept_language: 'en-US,en;q=0.5',\n       date_added: '2018-12-29 12:19:41',\n       date_modified: '2018-12-29 12:19:41',\n       cancelUrl: 'http://localhost/onionopencart/index.php?route=extension/payment/deep_onion/failed&',\n       successUrl: 'http://localhost/onionopencart/index.php?route=extension/payment/deep_onion/completed&',\n       platformId: '5c24af3c6d515e32e4808104' } ],\n  _id: 5c271908fc307b0d1437d97c,\n  email: 'lakhvinder.auspicioussoft@gmail.com',\n  total: '0.0100',\n  cancelUrl: 'http://localhost/onionopencart/index.php?route=extension/payment/deep_onion/failed&',\n  successUrl: 'http://localhost/onionopencart/index.php?route=extension/payment/deep_onion/completed&',\n  storeOrderId: '2',\n  status: true,\n  address: 'DergRasejnZekT9kL2w1NLvQrAd4xiPJtb',\n  coin: '0.051444',\n  expire: '1546066184236',\n  NamedAddress: '',\n  platformId: '5c24af3c6d515e32e4808104',\n  __v: 0 } ","level":"info"}
{"message":"platform finding   status undefined data 5c24af3c6d515e32e4808104 ","level":"info"}
{"message":"Order finding   status true data 5c271908fc307b0d1437d97c ","level":"info"}
{"message":"request for transaction with order id 5c271908fc307b0d1437d97c","level":"info"}
{"message":"request for transaction with order id 5c271908fc307b0d1437d97c ready for send coin [object Object]","level":"info"}
{"message":"cd /root/deeponion && ./DeepOniond  sendfrom 088fdf9837787674355baa0ce7f00c92b0468ba1c3f4d2626089527b9f80752d9d579d9690dac11988df7920b446c992ab53ace00678a13d93eba6 DUk5EStsnzzTF34qfsJMmKGcgqfESHXTXc  0.051444","level":"info"}
{"message":"ssh2-promise  cd /root/deeponion && ./DeepOniond  sendfrom 088fdf9837787674355baa0ce7f00c92b0468ba1c3f4d2626089527b9f80752d9d579d9690dac11988df7920b446c992ab53ace00678a13d93eba6 DUk5EStsnzzTF34qfsJMmKGcgqfESHXTXc  0.051444","level":"info"}
{"message":"ssh2-promise suc  1ca830a1fbaa44c135a48f1695eb05616ba84808e7d978904f6adbdff5e6173d\n","level":"info"}
{"message":"request for transaction with order id 5c271908fc307b0d1437d97c success for  [object Object] with res 1ca830a1fbaa44c135a48f1695eb05616ba84808e7d978904f6adbdff5e6173d\n","level":"info"}
{"message":"transaction with order id 5c271908fc307b0d1437d97c saved  ","level":"info"}
{"message":"platform finding   status undefined data 5c24af3c6d515e32e4808104 ","level":"info"}
{"message":"Order finding   status true data 5c271908fc307b0d1437d97c ","level":"info"}
{"message":"request for transaction with order id 5c271908fc307b0d1437d97c","level":"info"}
{"message":"request for transaction with order id 5c271908fc307b0d1437d97c already done","level":"info"}
{"message":"platform finding   status undefined data 5c24af3c6d515e32e4808104 ","level":"info"}
{"message":"Order finding   status true data 5c271908fc307b0d1437d97c ","level":"info"}
{"message":"request for transaction with order id 5c271908fc307b0d1437d97c","level":"info"}
{"message":"request for transaction with order id 5c271908fc307b0d1437d97c already done","level":"info"}
{"message":"creating order  { orderInfo: \n   [ { order_id: '3',\n       invoice_no: '0',\n       invoice_prefix: 'INV-2018-00',\n       store_id: '0',\n       store_name: 'Your Store',\n       store_url: 'http://localhost/onionopencart/',\n       customer_id: '1',\n       firstname: 'lakhvinder',\n       lastname: 'singh',\n       email: 'lakhvinder.auspicioussoft@gmail.com',\n       telephone: '553535',\n       custom_field: null,\n       payment_firstname: 'lakhvinder',\n       payment_lastname: 'singh',\n       payment_company: '',\n       payment_address_1: 'lakhvinder.auspicioussoft',\n       payment_address_2: '',\n       payment_postcode: 'jhhj45',\n       payment_city: 'lakhvinder.auspicioussoft',\n       payment_zone_id: '3526',\n       payment_zone: 'Cardiff',\n       payment_zone_code: 'CDF',\n       payment_country_id: '222',\n       payment_country: 'United Kingdom',\n       payment_iso_code_2: 'GB',\n       payment_iso_code_3: 'GBR',\n       payment_address_format: '',\n       payment_custom_field: [],\n       payment_method: 'Deep Onion',\n       payment_code: 'deep_onion',\n       shipping_firstname: '',\n       shipping_lastname: '',\n       shipping_company: '',\n       shipping_address_1: '',\n       shipping_address_2: '',\n       shipping_postcode: '',\n       shipping_city: '',\n       shipping_zone_id: '0',\n       shipping_zone: '',\n       shipping_zone_code: '',\n       shipping_country_id: '0',\n       shipping_country: '',\n       shipping_iso_code_2: '',\n       shipping_iso_code_3: '',\n       shipping_address_format: '',\n       shipping_custom_field: [],\n       shipping_method: '',\n       shipping_code: '',\n       comment: '',\n       total: '0.0100',\n       order_status_id: '0',\n       order_status: null,\n       affiliate_id: '0',\n       commission: '0.0000',\n       language_id: '1',\n       language_code: 'en-gb',\n       currency_id: '2',\n       currency_code: 'USD',\n       currency_value: '1.00000000',\n       ip: '127.0.0.1',\n       forwarded_ip: '',\n       user_agent: 'Mozilla/5.0 (Windows NT 10.0; Win64; x64; rv:64.0) Gecko/20100101 Firefox/64.0',\n       accept_language: 'en-US,en;q=0.5',\n       date_added: '2018-12-29 12:27:38',\n       date_modified: '2018-12-29 12:27:38',\n       cancelUrl: 'http://localhost/onionopencart/index.php?route=extension/payment/deep_onion/failed&',\n       successUrl: 'http://localhost/onionopencart/index.php?route=extension/payment/deep_onion/completed&',\n       platformId: '5c24af3c6d515e32e4808104' } ],\n  _id: 5c271ae5fcb0d52b402bca40,\n  email: 'lakhvinder.auspicioussoft@gmail.com',\n  total: '0.0100',\n  cancelUrl: 'http://localhost/onionopencart/index.php?route=extension/payment/deep_onion/failed&',\n  successUrl: 'http://localhost/onionopencart/index.php?route=extension/payment/deep_onion/completed&',\n  storeOrderId: '3',\n  status: false,\n  address: '',\n  coin: '0.051313',\n  expire: '1546066661255',\n  NamedAddress: '',\n  platformId: '5c24af3c6d515e32e4808104' }","level":"info"}
{"message":"Order created   5c24af3c6d515e32e4808104 status true data 5c271ae5fcb0d52b402bca40 ","level":"info"}
{"message":"creating address  cd /root/deeponion && ./DeepOniond getnewaddress 088fdf9837787674355baa0ce7f00c92b0468ba1c3f4d2626089527b9f80752d9d579d9690dac119d08a7420b417c9c1fc51aae50279f43acbe8f5","level":"info"}
{"message":"ssh2-promise  cd /root/deeponion && ./DeepOniond getnewaddress 088fdf9837787674355baa0ce7f00c92b0468ba1c3f4d2626089527b9f80752d9d579d9690dac119d08a7420b417c9c1fc51aae50279f43acbe8f5","level":"info"}
{"message":"ssh2-promise suc  DWbRX5EnoGDXK2BZt1D8PaDgPuWWjYFrjR\n","level":"info"}
{"message":"creating address success [object Object]","level":"info"}
{"message":"created  address  { _id: 5c271ae6fcb0d52b402bca41,\n  email: 'lakhvinder.auspicioussoft@gmail.com',\n  address: 'DWbRX5EnoGDXK2BZt1D8PaDgPuWWjYFrjR',\n  meta: '088fdf9837787674355baa0ce7f00c92b0468ba1c3f4d2626089527b9f80752d9d579d9690dac119d08a7420b417c9c1fc51aae50279f43acbe8f5',\n  balance: '0',\n  __v: 0 } status true  ","level":"info"}
{"message":"updating  5c271ae5fcb0d52b402bca40 Orders by  [object Object]","level":"info"}
{"message":"updation success Orders.findByIdAndUpdateupdating data 5c271ae5fcb0d52b402bca40","level":"info"}
{"level":"info","message":"Order.expire"}
{"message":"checking balance order  cd /root/deeponion && ./DeepOniond getbalance 088fdf9837787674355baa0ce7f00c92b0468ba1c3f4d2626089527b9f80752d9d579d9690dac119d08a7420b417c9c1fc51aae50279f43acbe8f5","level":"info"}
{"message":"order time bal check with     [object Object] ","level":"info"}
{"message":"getbalance [object Object]","level":"info"}
{"level":"info","message":"Order.expire"}
{"message":"checking balance order  cd /root/deeponion && ./DeepOniond getbalance 088fdf9837787674355baa0ce7f00c92b0468ba1c3f4d2626089527b9f80752d9d579d9690dac119d08a7420b417c9c1fc51aae50279f43acbe8f5","level":"info"}
{"message":"order time bal check with     [object Object] ","level":"info"}
{"message":"getbalance [object Object]","level":"info"}
{"level":"info","message":"Order.expire"}
{"message":"checking balance order  cd /root/deeponion && ./DeepOniond getbalance 088fdf9837787674355baa0ce7f00c92b0468ba1c3f4d2626089527b9f80752d9d579d9690dac119d08a7420b417c9c1fc51aae50279f43acbe8f5","level":"info"}
{"message":"order time bal check with     [object Object] ","level":"info"}
{"message":"getbalance [object Object]","level":"info"}
{"level":"info","message":"Order.expire"}
{"message":"checking balance order  cd /root/deeponion && ./DeepOniond getbalance 088fdf9837787674355baa0ce7f00c92b0468ba1c3f4d2626089527b9f80752d9d579d9690dac119d08a7420b417c9c1fc51aae50279f43acbe8f5","level":"info"}
{"message":"order time bal check with     [object Object] ","level":"info"}
{"message":"getbalance [object Object]","level":"info"}
{"level":"info","message":"Order.expire"}
{"message":"checking balance order  cd /root/deeponion && ./DeepOniond getbalance 088fdf9837787674355baa0ce7f00c92b0468ba1c3f4d2626089527b9f80752d9d579d9690dac119d08a7420b417c9c1fc51aae50279f43acbe8f5","level":"info"}
{"message":"order time bal check with     [object Object] ","level":"info"}
{"message":"getbalance [object Object]","level":"info"}
{"level":"info","message":"Order.expire"}
{"message":"checking balance order  cd /root/deeponion && ./DeepOniond getbalance 088fdf9837787674355baa0ce7f00c92b0468ba1c3f4d2626089527b9f80752d9d579d9690dac119d08a7420b417c9c1fc51aae50279f43acbe8f5","level":"info"}
{"message":"order time bal check with     [object Object] ","level":"info"}
{"message":"getbalance [object Object]","level":"info"}
{"level":"info","message":"Order.expire"}
{"message":"checking balance order  cd /root/deeponion && ./DeepOniond getbalance 088fdf9837787674355baa0ce7f00c92b0468ba1c3f4d2626089527b9f80752d9d579d9690dac119d08a7420b417c9c1fc51aae50279f43acbe8f5","level":"info"}
{"message":"order time bal check with     [object Object] ","level":"info"}
{"message":"getbalance [object Object]","level":"info"}
{"level":"info","message":"Order.expire"}
{"message":"checking balance order  cd /root/deeponion && ./DeepOniond getbalance 088fdf9837787674355baa0ce7f00c92b0468ba1c3f4d2626089527b9f80752d9d579d9690dac119d08a7420b417c9c1fc51aae50279f43acbe8f5","level":"info"}
{"message":"order time bal check with     [object Object] ","level":"info"}
{"message":"getbalance [object Object]","level":"info"}
{"message":"updating  5c271ae5fcb0d52b402bca40 Orders by  [object Object]","level":"info"}
{"message":"updation success Orders.findByIdAndUpdateupdating data 5c271ae5fcb0d52b402bca40","level":"info"}
{"message":"order update on payment done  bal check with     { orderInfo: \n   [ { order_id: '3',\n       invoice_no: '0',\n       invoice_prefix: 'INV-2018-00',\n       store_id: '0',\n       store_name: 'Your Store',\n       store_url: 'http://localhost/onionopencart/',\n       customer_id: '1',\n       firstname: 'lakhvinder',\n       lastname: 'singh',\n       email: 'lakhvinder.auspicioussoft@gmail.com',\n       telephone: '553535',\n       custom_field: null,\n       payment_firstname: 'lakhvinder',\n       payment_lastname: 'singh',\n       payment_company: '',\n       payment_address_1: 'lakhvinder.auspicioussoft',\n       payment_address_2: '',\n       payment_postcode: 'jhhj45',\n       payment_city: 'lakhvinder.auspicioussoft',\n       payment_zone_id: '3526',\n       payment_zone: 'Cardiff',\n       payment_zone_code: 'CDF',\n       payment_country_id: '222',\n       payment_country: 'United Kingdom',\n       payment_iso_code_2: 'GB',\n       payment_iso_code_3: 'GBR',\n       payment_address_format: '',\n       payment_custom_field: [],\n       payment_method: 'Deep Onion',\n       payment_code: 'deep_onion',\n       shipping_firstname: '',\n       shipping_lastname: '',\n       shipping_company: '',\n       shipping_address_1: '',\n       shipping_address_2: '',\n       shipping_postcode: '',\n       shipping_city: '',\n       shipping_zone_id: '0',\n       shipping_zone: '',\n       shipping_zone_code: '',\n       shipping_country_id: '0',\n       shipping_country: '',\n       shipping_iso_code_2: '',\n       shipping_iso_code_3: '',\n       shipping_address_format: '',\n       shipping_custom_field: [],\n       shipping_method: '',\n       shipping_code: '',\n       comment: '',\n       total: '0.0100',\n       order_status_id: '0',\n       order_status: null,\n       affiliate_id: '0',\n       commission: '0.0000',\n       language_id: '1',\n       language_code: 'en-gb',\n       currency_id: '2',\n       currency_code: 'USD',\n       currency_value: '1.00000000',\n       ip: '127.0.0.1',\n       forwarded_ip: '',\n       user_agent: 'Mozilla/5.0 (Windows NT 10.0; Win64; x64; rv:64.0) Gecko/20100101 Firefox/64.0',\n       accept_language: 'en-US,en;q=0.5',\n       date_added: '2018-12-29 12:27:38',\n       date_modified: '2018-12-29 12:27:38',\n       cancelUrl: 'http://localhost/onionopencart/index.php?route=extension/payment/deep_onion/failed&',\n       successUrl: 'http://localhost/onionopencart/index.php?route=extension/payment/deep_onion/completed&',\n       platformId: '5c24af3c6d515e32e4808104' } ],\n  _id: 5c271ae5fcb0d52b402bca40,\n  email: 'lakhvinder.auspicioussoft@gmail.com',\n  total: '0.0100',\n  cancelUrl: 'http://localhost/onionopencart/index.php?route=extension/payment/deep_onion/failed&',\n  successUrl: 'http://localhost/onionopencart/index.php?route=extension/payment/deep_onion/completed&',\n  storeOrderId: '3',\n  status: true,\n  address: 'DWbRX5EnoGDXK2BZt1D8PaDgPuWWjYFrjR',\n  coin: '0.051313',\n  expire: '1546066661255',\n  NamedAddress: '',\n  platformId: '5c24af3c6d515e32e4808104',\n  __v: 0 } ","level":"info"}
{"message":"platform finding   status undefined data 5c24af3c6d515e32e4808104 ","level":"info"}
{"message":"Order finding   status true data 5c271ae5fcb0d52b402bca40 ","level":"info"}
{"message":"request for transaction with order id 5c271ae5fcb0d52b402bca40","level":"info"}
{"message":"request for transaction with order id 5c271ae5fcb0d52b402bca40 ready for send coin [object Object]","level":"info"}
{"message":"cd /root/deeponion && ./DeepOniond  sendfrom 088fdf9837787674355baa0ce7f00c92b0468ba1c3f4d2626089527b9f80752d9d579d9690dac119d08a7420b417c9c1fc51aae50279f43acbe8f5 DUk5EStsnzzTF34qfsJMmKGcgqfESHXTXc  0.051313","level":"info"}
{"message":"ssh2-promise  cd /root/deeponion && ./DeepOniond  sendfrom 088fdf9837787674355baa0ce7f00c92b0468ba1c3f4d2626089527b9f80752d9d579d9690dac119d08a7420b417c9c1fc51aae50279f43acbe8f5 DUk5EStsnzzTF34qfsJMmKGcgqfESHXTXc  0.051313","level":"info"}
{"message":"ssh2-promise suc  215e4a8c7a26c7547f08bbe3af1c02be61b3c34916ef470c63889235b9e2e064\n","level":"info"}
{"message":"request for transaction with order id 5c271ae5fcb0d52b402bca40 success for  [object Object] with res 215e4a8c7a26c7547f08bbe3af1c02be61b3c34916ef470c63889235b9e2e064\n","level":"info"}
{"message":"transaction with order id 5c271ae5fcb0d52b402bca40 saved  ","level":"info"}
{"message":"platform finding   status undefined data 5c24af3c6d515e32e4808104 ","level":"info"}
{"message":"Order finding   status true data 5c271ae5fcb0d52b402bca40 ","level":"info"}
{"message":"request for transaction with order id 5c271ae5fcb0d52b402bca40","level":"info"}
{"message":"request for transaction with order id 5c271ae5fcb0d52b402bca40 already done","level":"info"}
{"message":"creating order  { orderInfo: \n   [ { order_id: '4',\n       invoice_no: '0',\n       invoice_prefix: 'INV-2018-00',\n       store_id: '0',\n       store_name: 'Your Store',\n       store_url: 'http://localhost/onionopencart/',\n       customer_id: '1',\n       firstname: 'lakhvinder',\n       lastname: 'singh',\n       email: 'lakhvinder.auspicioussoft@gmail.com',\n       telephone: '553535',\n       custom_field: null,\n       payment_firstname: 'lakhvinder',\n       payment_lastname: 'singh',\n       payment_company: '',\n       payment_address_1: 'lakhvinder.auspicioussoft',\n       payment_address_2: '',\n       payment_postcode: 'jhhj45',\n       payment_city: 'lakhvinder.auspicioussoft',\n       payment_zone_id: '3526',\n       payment_zone: 'Cardiff',\n       payment_zone_code: 'CDF',\n       payment_country_id: '222',\n       payment_country: 'United Kingdom',\n       payment_iso_code_2: 'GB',\n       payment_iso_code_3: 'GBR',\n       payment_address_format: '',\n       payment_custom_field: [],\n       payment_method: 'Deep Onion',\n       payment_code: 'deep_onion',\n       shipping_firstname: '',\n       shipping_lastname: '',\n       shipping_company: '',\n       shipping_address_1: '',\n       shipping_address_2: '',\n       shipping_postcode: '',\n       shipping_city: '',\n       shipping_zone_id: '0',\n       shipping_zone: '',\n       shipping_zone_code: '',\n       shipping_country_id: '0',\n       shipping_country: '',\n       shipping_iso_code_2: '',\n       shipping_iso_code_3: '',\n       shipping_address_format: '',\n       shipping_custom_field: [],\n       shipping_method: '',\n       shipping_code: '',\n       comment: '',\n       total: '0.0100',\n       order_status_id: '0',\n       order_status: null,\n       affiliate_id: '0',\n       commission: '0.0000',\n       language_id: '1',\n       language_code: 'en-gb',\n       currency_id: '2',\n       currency_code: 'USD',\n       currency_value: '1.00000000',\n       ip: '127.0.0.1',\n       forwarded_ip: '',\n       user_agent: 'Mozilla/5.0 (Windows NT 10.0; Win64; x64; rv:64.0) Gecko/20100101 Firefox/64.0',\n       accept_language: 'en-US,en;q=0.5',\n       date_added: '2018-12-29 12:35:48',\n       date_modified: '2018-12-29 12:35:48',\n       cancelUrl: 'http://localhost/onionopencart/index.php?route=extension/payment/deep_onion/failed&',\n       successUrl: 'http://localhost/onionopencart/index.php?route=extension/payment/deep_onion/completed&',\n       platformId: '5c24af3c6d515e32e4808104' } ],\n  _id: 5c271ccf6f2c2331ece36330,\n  email: 'lakhvinder.auspicioussoft@gmail.com',\n  total: '0.0100',\n  cancelUrl: 'http://localhost/onionopencart/index.php?route=extension/payment/deep_onion/failed&',\n  successUrl: 'http://localhost/onionopencart/index.php?route=extension/payment/deep_onion/completed&',\n  storeOrderId: '4',\n  status: false,\n  address: '',\n  coin: '0.050835',\n  expire: '1546067151764',\n  NamedAddress: '',\n  platformId: '5c24af3c6d515e32e4808104' }","level":"info"}
{"message":"Order created   5c24af3c6d515e32e4808104 status true data 5c271ccf6f2c2331ece36330 ","level":"info"}
{"message":"creating address  cd /root/deeponion && ./DeepOniond getnewaddress 088fdf9837787674355baa0ce7f00c92b0468ba1c3f4d2626089527b9f80752d9d579d9690dac119d28c2770b1479a97fa50f9b4512ea56f99eff5","level":"info"}
{"message":"ssh2-promise  cd /root/deeponion && ./DeepOniond getnewaddress 088fdf9837787674355baa0ce7f00c92b0468ba1c3f4d2626089527b9f80752d9d579d9690dac119d28c2770b1479a97fa50f9b4512ea56f99eff5","level":"info"}
{"message":"ssh2-promise suc  Dchmyzh1Rzce8xtbHppmtFSd2yZUprBGaP\n","level":"info"}
{"message":"creating address success [object Object]","level":"info"}
{"message":"created  address  { _id: 5c271cd36f2c2331ece36331,\n  email: 'lakhvinder.auspicioussoft@gmail.com',\n  address: 'Dchmyzh1Rzce8xtbHppmtFSd2yZUprBGaP',\n  meta: '088fdf9837787674355baa0ce7f00c92b0468ba1c3f4d2626089527b9f80752d9d579d9690dac119d28c2770b1479a97fa50f9b4512ea56f99eff5',\n  balance: '0',\n  __v: 0 } status true  ","level":"info"}
{"message":"updating  5c271ccf6f2c2331ece36330 Orders by  [object Object]","level":"info"}
{"message":"updation success Orders.findByIdAndUpdateupdating data 5c271ccf6f2c2331ece36330","level":"info"}
{"level":"info","message":"Order.expire"}
{"message":"checking balance order  cd /root/deeponion && ./DeepOniond getbalance 088fdf9837787674355baa0ce7f00c92b0468ba1c3f4d2626089527b9f80752d9d579d9690dac119d28c2770b1479a97fa50f9b4512ea56f99eff5","level":"info"}
{"message":"order time bal check with     [object Object] ","level":"info"}
{"message":"getbalance [object Object]","level":"info"}
{"level":"info","message":"Order.expire"}
{"message":"checking balance order  cd /root/deeponion && ./DeepOniond getbalance 088fdf9837787674355baa0ce7f00c92b0468ba1c3f4d2626089527b9f80752d9d579d9690dac119d28c2770b1479a97fa50f9b4512ea56f99eff5","level":"info"}
{"message":"order time bal check with     [object Object] ","level":"info"}
{"message":"getbalance [object Object]","level":"info"}
{"level":"info","message":"Order.expire"}
{"message":"order expired with     { orderInfo: \n   [ { order_id: '4',\n       invoice_no: '0',\n       invoice_prefix: 'INV-2018-00',\n       store_id: '0',\n       store_name: 'Your Store',\n       store_url: 'http://localhost/onionopencart/',\n       customer_id: '1',\n       firstname: 'lakhvinder',\n       lastname: 'singh',\n       email: 'lakhvinder.auspicioussoft@gmail.com',\n       telephone: '553535',\n       custom_field: null,\n       payment_firstname: 'lakhvinder',\n       payment_lastname: 'singh',\n       payment_company: '',\n       payment_address_1: 'lakhvinder.auspicioussoft',\n       payment_address_2: '',\n       payment_postcode: 'jhhj45',\n       payment_city: 'lakhvinder.auspicioussoft',\n       payment_zone_id: '3526',\n       payment_zone: 'Cardiff',\n       payment_zone_code: 'CDF',\n       payment_country_id: '222',\n       payment_country: 'United Kingdom',\n       payment_iso_code_2: 'GB',\n       payment_iso_code_3: 'GBR',\n       payment_address_format: '',\n       payment_custom_field: [],\n       payment_method: 'Deep Onion',\n       payment_code: 'deep_onion',\n       shipping_firstname: '',\n       shipping_lastname: '',\n       shipping_company: '',\n       shipping_address_1: '',\n       shipping_address_2: '',\n       shipping_postcode: '',\n       shipping_city: '',\n       shipping_zone_id: '0',\n       shipping_zone: '',\n       shipping_zone_code: '',\n       shipping_country_id: '0',\n       shipping_country: '',\n       shipping_iso_code_2: '',\n       shipping_iso_code_3: '',\n       shipping_address_format: '',\n       shipping_custom_field: [],\n       shipping_method: '',\n       shipping_code: '',\n       comment: '',\n       total: '0.0100',\n       order_status_id: '0',\n       order_status: null,\n       affiliate_id: '0',\n       commission: '0.0000',\n       language_id: '1',\n       language_code: 'en-gb',\n       currency_id: '2',\n       currency_code: 'USD',\n       currency_value: '1.00000000',\n       ip: '127.0.0.1',\n       forwarded_ip: '',\n       user_agent: 'Mozilla/5.0 (Windows NT 10.0; Win64; x64; rv:64.0) Gecko/20100101 Firefox/64.0',\n       accept_language: 'en-US,en;q=0.5',\n       date_added: '2018-12-29 12:35:48',\n       date_modified: '2018-12-29 12:35:48',\n       cancelUrl: 'http://localhost/onionopencart/index.php?route=extension/payment/deep_onion/failed&',\n       successUrl: 'http://localhost/onionopencart/index.php?route=extension/payment/deep_onion/completed&',\n       platformId: '5c24af3c6d515e32e4808104' } ],\n  _id: 5c271ccf6f2c2331ece36330,\n  email: 'lakhvinder.auspicioussoft@gmail.com',\n  total: '0.0100',\n  cancelUrl: 'http://localhost/onionopencart/index.php?route=extension/payment/deep_onion/failed&',\n  successUrl: 'http://localhost/onionopencart/index.php?route=extension/payment/deep_onion/completed&',\n  storeOrderId: '4',\n  status: false,\n  address: 'Dchmyzh1Rzce8xtbHppmtFSd2yZUprBGaP',\n  coin: '0.050835',\n  expire: '1546067151764',\n  NamedAddress: '',\n  platformId: '5c24af3c6d515e32e4808104',\n  __v: 0 } ","level":"info"}
{"message":"platform finding   status undefined data 5c24af3c6d515e32e4808104 ","level":"info"}
{"message":"Order finding   status false data 5c271ccf6f2c2331ece36330 ","level":"info"}
{"message":"creating order  { orderInfo: \n   [ { order_id: '5',\n       invoice_no: '0',\n       invoice_prefix: 'INV-2018-00',\n       store_id: '0',\n       store_name: 'Your Store',\n       store_url: 'http://localhost/onionopencart/',\n       customer_id: '1',\n       firstname: 'lakhvinder',\n       lastname: 'singh',\n       email: 'lakhvinder.auspicioussoft@gmail.com',\n       telephone: '553535',\n       custom_field: null,\n       payment_firstname: 'lakhvinder',\n       payment_lastname: 'singh',\n       payment_company: '',\n       payment_address_1: 'lakhvinder.auspicioussoft',\n       payment_address_2: '',\n       payment_postcode: 'jhhj45',\n       payment_city: 'lakhvinder.auspicioussoft',\n       payment_zone_id: '3526',\n       payment_zone: 'Cardiff',\n       payment_zone_code: 'CDF',\n       payment_country_id: '222',\n       payment_country: 'United Kingdom',\n       payment_iso_code_2: 'GB',\n       payment_iso_code_3: 'GBR',\n       payment_address_format: '',\n       payment_custom_field: [],\n       payment_method: 'Deep Onion',\n       payment_code: 'deep_onion',\n       shipping_firstname: '',\n       shipping_lastname: '',\n       shipping_company: '',\n       shipping_address_1: '',\n       shipping_address_2: '',\n       shipping_postcode: '',\n       shipping_city: '',\n       shipping_zone_id: '0',\n       shipping_zone: '',\n       shipping_zone_code: '',\n       shipping_country_id: '0',\n       shipping_country: '',\n       shipping_iso_code_2: '',\n       shipping_iso_code_3: '',\n       shipping_address_format: '',\n       shipping_custom_field: [],\n       shipping_method: '',\n       shipping_code: '',\n       comment: '',\n       total: '0.0100',\n       order_status_id: '0',\n       order_status: null,\n       affiliate_id: '0',\n       commission: '0.0000',\n       language_id: '1',\n       language_code: 'en-gb',\n       currency_id: '2',\n       currency_code: 'USD',\n       currency_value: '1.00000000',\n       ip: '127.0.0.1',\n       forwarded_ip: '',\n       user_agent: 'Mozilla/5.0 (Windows NT 10.0; Win64; x64; rv:64.0) Gecko/20100101 Firefox/64.0',\n       accept_language: 'en-US,en;q=0.5',\n       date_added: '2018-12-29 12:46:00',\n       date_modified: '2018-12-29 12:46:00',\n       cancelUrl: 'http://localhost/onionopencart/index.php?route=extension/payment/deep_onion/failed&',\n       successUrl: 'http://localhost/onionopencart/index.php?route=extension/payment/deep_onion/completed&',\n       platformId: '5c24af3c6d515e32e4808104' } ],\n  _id: 5c2721546f2c2331ece36332,\n  email: 'lakhvinder.auspicioussoft@gmail.com',\n  total: '0.0100',\n  cancelUrl: 'http://localhost/onionopencart/index.php?route=extension/payment/deep_onion/failed&',\n  successUrl: 'http://localhost/onionopencart/index.php?route=extension/payment/deep_onion/completed&',\n  storeOrderId: '5',\n  status: false,\n  address: '',\n  coin: '0.051009',\n  expire: '1546068308150',\n  NamedAddress: '',\n  platformId: '5c24af3c6d515e32e4808104' }","level":"info"}
{"message":"Order created   5c24af3c6d515e32e4808104 status true data 5c2721546f2c2331ece36332 ","level":"info"}
{"message":"creating address  cd /root/deeponion && ./DeepOniond getnewaddress 088fdf9837787674355baa0ce7f00c92b0468ba1c3f4d2626089527b9f80752d9d579d9690dac11a80da7570b1479a97fa50f9b4512ea56f99eff7","level":"info"}
{"message":"ssh2-promise  cd /root/deeponion && ./DeepOniond getnewaddress 088fdf9837787674355baa0ce7f00c92b0468ba1c3f4d2626089527b9f80752d9d579d9690dac11a80da7570b1479a97fa50f9b4512ea56f99eff7","level":"info"}
{"message":"ssh2-promise suc  DrjDohHS7cNkxTyvDLLZWZjdc75miUbyNa\n","level":"info"}
{"message":"creating address success [object Object]","level":"info"}
{"message":"created  address  { _id: 5c2721556f2c2331ece36333,\n  email: 'lakhvinder.auspicioussoft@gmail.com',\n  address: 'DrjDohHS7cNkxTyvDLLZWZjdc75miUbyNa',\n  meta: '088fdf9837787674355baa0ce7f00c92b0468ba1c3f4d2626089527b9f80752d9d579d9690dac11a80da7570b1479a97fa50f9b4512ea56f99eff7',\n  balance: '0',\n  __v: 0 } status true  ","level":"info"}
{"message":"updating  5c2721546f2c2331ece36332 Orders by  [object Object]","level":"info"}
{"message":"updation success Orders.findByIdAndUpdateupdating data 5c2721546f2c2331ece36332","level":"info"}
{"level":"info","message":"Order.expire"}
{"message":"checking balance order  cd /root/deeponion && ./DeepOniond getbalance 088fdf9837787674355baa0ce7f00c92b0468ba1c3f4d2626089527b9f80752d9d579d9690dac11a80da7570b1479a97fa50f9b4512ea56f99eff7","level":"info"}
{"message":"order time bal check with     [object Object] ","level":"info"}
{"message":"getbalance [object Object]","level":"info"}
{"level":"info","message":"Order.expire"}
{"message":"checking balance order  cd /root/deeponion && ./DeepOniond getbalance 088fdf9837787674355baa0ce7f00c92b0468ba1c3f4d2626089527b9f80752d9d579d9690dac11a80da7570b1479a97fa50f9b4512ea56f99eff7","level":"info"}
{"message":"order time bal check with     [object Object] ","level":"info"}
{"message":"getbalance [object Object]","level":"info"}
{"level":"info","message":"Order.expire"}
{"message":"checking balance order  cd /root/deeponion && ./DeepOniond getbalance 088fdf9837787674355baa0ce7f00c92b0468ba1c3f4d2626089527b9f80752d9d579d9690dac11a80da7570b1479a97fa50f9b4512ea56f99eff7","level":"info"}
{"message":"order time bal check with     [object Object] ","level":"info"}
{"message":"getbalance [object Object]","level":"info"}
{"level":"info","message":"Order.expire"}
{"message":"order expired with     { orderInfo: \n   [ { order_id: '5',\n       invoice_no: '0',\n       invoice_prefix: 'INV-2018-00',\n       store_id: '0',\n       store_name: 'Your Store',\n       store_url: 'http://localhost/onionopencart/',\n       customer_id: '1',\n       firstname: 'lakhvinder',\n       lastname: 'singh',\n       email: 'lakhvinder.auspicioussoft@gmail.com',\n       telephone: '553535',\n       custom_field: null,\n       payment_firstname: 'lakhvinder',\n       payment_lastname: 'singh',\n       payment_company: '',\n       payment_address_1: 'lakhvinder.auspicioussoft',\n       payment_address_2: '',\n       payment_postcode: 'jhhj45',\n       payment_city: 'lakhvinder.auspicioussoft',\n       payment_zone_id: '3526',\n       payment_zone: 'Cardiff',\n       payment_zone_code: 'CDF',\n       payment_country_id: '222',\n       payment_country: 'United Kingdom',\n       payment_iso_code_2: 'GB',\n       payment_iso_code_3: 'GBR',\n       payment_address_format: '',\n       payment_custom_field: [],\n       payment_method: 'Deep Onion',\n       payment_code: 'deep_onion',\n       shipping_firstname: '',\n       shipping_lastname: '',\n       shipping_company: '',\n       shipping_address_1: '',\n       shipping_address_2: '',\n       shipping_postcode: '',\n       shipping_city: '',\n       shipping_zone_id: '0',\n       shipping_zone: '',\n       shipping_zone_code: '',\n       shipping_country_id: '0',\n       shipping_country: '',\n       shipping_iso_code_2: '',\n       shipping_iso_code_3: '',\n       shipping_address_format: '',\n       shipping_custom_field: [],\n       shipping_method: '',\n       shipping_code: '',\n       comment: '',\n       total: '0.0100',\n       order_status_id: '0',\n       order_status: null,\n       affiliate_id: '0',\n       commission: '0.0000',\n       language_id: '1',\n       language_code: 'en-gb',\n       currency_id: '2',\n       currency_code: 'USD',\n       currency_value: '1.00000000',\n       ip: '127.0.0.1',\n       forwarded_ip: '',\n       user_agent: 'Mozilla/5.0 (Windows NT 10.0; Win64; x64; rv:64.0) Gecko/20100101 Firefox/64.0',\n       accept_language: 'en-US,en;q=0.5',\n       date_added: '2018-12-29 12:46:00',\n       date_modified: '2018-12-29 12:46:00',\n       cancelUrl: 'http://localhost/onionopencart/index.php?route=extension/payment/deep_onion/failed&',\n       successUrl: 'http://localhost/onionopencart/index.php?route=extension/payment/deep_onion/completed&',\n       platformId: '5c24af3c6d515e32e4808104' } ],\n  _id: 5c2721546f2c2331ece36332,\n  email: 'lakhvinder.auspicioussoft@gmail.com',\n  total: '0.0100',\n  cancelUrl: 'http://localhost/onionopencart/index.php?route=extension/payment/deep_onion/failed&',\n  successUrl: 'http://localhost/onionopencart/index.php?route=extension/payment/deep_onion/completed&',\n  storeOrderId: '5',\n  status: false,\n  address: 'DrjDohHS7cNkxTyvDLLZWZjdc75miUbyNa',\n  coin: '0.051009',\n  expire: '1546068308150',\n  NamedAddress: '',\n  platformId: '5c24af3c6d515e32e4808104',\n  __v: 0 } ","level":"info"}
{"message":"platform finding   status undefined data 5c24af3c6d515e32e4808104 ","level":"info"}
{"message":"Order finding   status false data 5c2721546f2c2331ece36332 ","level":"info"}
{"message":"creating order  { orderInfo: \n   [ { order_id: '10',\n       invoice_no: '0',\n       invoice_prefix: 'INV-2018-00',\n       store_id: '0',\n       store_name: 'Your Store',\n       store_url: 'http://localhost/onionopencart/',\n       customer_id: '0',\n       firstname: 'lakhvinder',\n       lastname: 'singh',\n       email: 'lakhvinder.auspicioussoft2222222@gmail.com',\n       telephone: '5464564',\n       custom_field: [],\n       payment_firstname: 'lakhvinder',\n       payment_lastname: 'singh',\n       payment_company: '',\n       payment_address_1: 'lakhvinder.auspicioussoft',\n       payment_address_2: '',\n       payment_postcode: '55465456',\n       payment_city: 'lakhvinder.auspicioussoft',\n       payment_zone_id: '3516',\n       payment_zone: 'Angus',\n       payment_zone_code: 'AGS',\n       payment_country_id: '222',\n       payment_country: 'United Kingdom',\n       payment_iso_code_2: 'GB',\n       payment_iso_code_3: 'GBR',\n       payment_address_format: '',\n       payment_custom_field: [],\n       payment_method: 'Deep Onion',\n       payment_code: 'deep_onion',\n       shipping_firstname: '',\n       shipping_lastname: '',\n       shipping_company: '',\n       shipping_address_1: '',\n       shipping_address_2: '',\n       shipping_postcode: '',\n       shipping_city: '',\n       shipping_zone_id: '0',\n       shipping_zone: '',\n       shipping_zone_code: '',\n       shipping_country_id: '0',\n       shipping_country: '',\n       shipping_iso_code_2: '',\n       shipping_iso_code_3: '',\n       shipping_address_format: '',\n       shipping_custom_field: [],\n       shipping_method: '',\n       shipping_code: '',\n       comment: '',\n       total: '0.0100',\n       order_status_id: '0',\n       order_status: null,\n       affiliate_id: '0',\n       commission: '0.0000',\n       language_id: '1',\n       language_code: 'en-gb',\n       currency_id: '2',\n       currency_code: 'USD',\n       currency_value: '1.00000000',\n       ip: '::1',\n       forwarded_ip: '',\n       user_agent: 'Mozilla/5.0 (Windows NT 10.0; Win64; x64; rv:64.0) Gecko/20100101 Firefox/64.0',\n       accept_language: 'en-US,en;q=0.5',\n       date_added: '2018-12-29 13:03:06',\n       date_modified: '2018-12-29 13:03:06',\n       cancelUrl: 'http://localhost/onionopencart/index.php?route=extension/payment/deep_onion/failed&',\n       successUrl: 'http://localhost/onionopencart/index.php?route=extension/payment/deep_onion/completed&',\n       platformId: '5c24af3c6d515e32e4808104' } ],\n  _id: 5c2723906f2c2331ece36334,\n  email: 'lakhvinder.auspicioussoft2222222@gmail.com',\n  total: '0.0100',\n  cancelUrl: 'http://localhost/onionopencart/index.php?route=extension/payment/deep_onion/failed&',\n  successUrl: 'http://localhost/onionopencart/index.php?route=extension/payment/deep_onion/completed&',\n  storeOrderId: '10',\n  status: false,\n  address: '',\n  coin: '0.051009',\n  expire: '1546068880973',\n  NamedAddress: '',\n  platformId: '5c24af3c6d515e32e4808104' }","level":"info"}
{"message":"Order created   5c24af3c6d515e32e4808104 status true data 5c2723906f2c2331ece36334 ","level":"info"}
{"message":"creating address  cd /root/deeponion && ./DeepOniond getnewaddress 088fdf9837787674355baa0ce7f00c92b0468ba1c3f4d26260fb0724ccdb2b31be5f9dc29a84d84bde827425e542cb96f053feb70028a46a99eda0a468208237e91c","level":"info"}
{"message":"ssh2-promise  cd /root/deeponion && ./DeepOniond getnewaddress 088fdf9837787674355baa0ce7f00c92b0468ba1c3f4d26260fb0724ccdb2b31be5f9dc29a84d84bde827425e542cb96f053feb70028a46a99eda0a468208237e91c","level":"info"}
{"message":"ssh2-promise suc  DkpYQ7yfqmMj2yFccA59va2TF2MBKJxTVF\n","level":"info"}
{"message":"creating address success [object Object]","level":"info"}
{"message":"created  address  { _id: 5c2723916f2c2331ece36335,\n  email: 'lakhvinder.auspicioussoft2222222@gmail.com',\n  address: 'DkpYQ7yfqmMj2yFccA59va2TF2MBKJxTVF',\n  meta: '088fdf9837787674355baa0ce7f00c92b0468ba1c3f4d26260fb0724ccdb2b31be5f9dc29a84d84bde827425e542cb96f053feb70028a46a99eda0a468208237e91c',\n  balance: '0',\n  __v: 0 } status true  ","level":"info"}
{"message":"updating  5c2723906f2c2331ece36334 Orders by  [object Object]","level":"info"}
{"message":"updation success Orders.findByIdAndUpdateupdating data 5c2723906f2c2331ece36334","level":"info"}
{"level":"info","message":"Order.expire"}
{"message":"checking balance order  cd /root/deeponion && ./DeepOniond getbalance 088fdf9837787674355baa0ce7f00c92b0468ba1c3f4d26260fb0724ccdb2b31be5f9dc29a84d84bde827425e542cb96f053feb70028a46a99eda0a468208237e91c","level":"info"}
{"message":"order time bal check with     [object Object] ","level":"info"}
{"message":"getbalance [object Object]","level":"info"}
{"level":"info","message":"Order.expire"}
{"message":"checking balance order  cd /root/deeponion && ./DeepOniond getbalance 088fdf9837787674355baa0ce7f00c92b0468ba1c3f4d26260fb0724ccdb2b31be5f9dc29a84d84bde827425e542cb96f053feb70028a46a99eda0a468208237e91c","level":"info"}
{"message":"order time bal check with     [object Object] ","level":"info"}
{"message":"getbalance [object Object]","level":"info"}
{"level":"info","message":"Order.expire"}
{"message":"checking balance order  cd /root/deeponion && ./DeepOniond getbalance 088fdf9837787674355baa0ce7f00c92b0468ba1c3f4d26260fb0724ccdb2b31be5f9dc29a84d84bde827425e542cb96f053feb70028a46a99eda0a468208237e91c","level":"info"}
{"message":"order time bal check with     [object Object] ","level":"info"}
{"message":"getbalance [object Object]","level":"info"}
{"level":"info","message":"Order.expire"}
{"message":"order expired with     { orderInfo: \n   [ { order_id: '10',\n       invoice_no: '0',\n       invoice_prefix: 'INV-2018-00',\n       store_id: '0',\n       store_name: 'Your Store',\n       store_url: 'http://localhost/onionopencart/',\n       customer_id: '0',\n       firstname: 'lakhvinder',\n       lastname: 'singh',\n       email: 'lakhvinder.auspicioussoft2222222@gmail.com',\n       telephone: '5464564',\n       custom_field: [],\n       payment_firstname: 'lakhvinder',\n       payment_lastname: 'singh',\n       payment_company: '',\n       payment_address_1: 'lakhvinder.auspicioussoft',\n       payment_address_2: '',\n       payment_postcode: '55465456',\n       payment_city: 'lakhvinder.auspicioussoft',\n       payment_zone_id: '3516',\n       payment_zone: 'Angus',\n       payment_zone_code: 'AGS',\n       payment_country_id: '222',\n       payment_country: 'United Kingdom',\n       payment_iso_code_2: 'GB',\n       payment_iso_code_3: 'GBR',\n       payment_address_format: '',\n       payment_custom_field: [],\n       payment_method: 'Deep Onion',\n       payment_code: 'deep_onion',\n       shipping_firstname: '',\n       shipping_lastname: '',\n       shipping_company: '',\n       shipping_address_1: '',\n       shipping_address_2: '',\n       shipping_postcode: '',\n       shipping_city: '',\n       shipping_zone_id: '0',\n       shipping_zone: '',\n       shipping_zone_code: '',\n       shipping_country_id: '0',\n       shipping_country: '',\n       shipping_iso_code_2: '',\n       shipping_iso_code_3: '',\n       shipping_address_format: '',\n       shipping_custom_field: [],\n       shipping_method: '',\n       shipping_code: '',\n       comment: '',\n       total: '0.0100',\n       order_status_id: '0',\n       order_status: null,\n       affiliate_id: '0',\n       commission: '0.0000',\n       language_id: '1',\n       language_code: 'en-gb',\n       currency_id: '2',\n       currency_code: 'USD',\n       currency_value: '1.00000000',\n       ip: '::1',\n       forwarded_ip: '',\n       user_agent: 'Mozilla/5.0 (Windows NT 10.0; Win64; x64; rv:64.0) Gecko/20100101 Firefox/64.0',\n       accept_language: 'en-US,en;q=0.5',\n       date_added: '2018-12-29 13:03:06',\n       date_modified: '2018-12-29 13:03:06',\n       cancelUrl: 'http://localhost/onionopencart/index.php?route=extension/payment/deep_onion/failed&',\n       successUrl: 'http://localhost/onionopencart/index.php?route=extension/payment/deep_onion/completed&',\n       platformId: '5c24af3c6d515e32e4808104' } ],\n  _id: 5c2723906f2c2331ece36334,\n  email: 'lakhvinder.auspicioussoft2222222@gmail.com',\n  total: '0.0100',\n  cancelUrl: 'http://localhost/onionopencart/index.php?route=extension/payment/deep_onion/failed&',\n  successUrl: 'http://localhost/onionopencart/index.php?route=extension/payment/deep_onion/completed&',\n  storeOrderId: '10',\n  status: false,\n  address: 'DkpYQ7yfqmMj2yFccA59va2TF2MBKJxTVF',\n  coin: '0.051009',\n  expire: '1546068880973',\n  NamedAddress: '',\n  platformId: '5c24af3c6d515e32e4808104',\n  __v: 0 } ","level":"info"}
{"message":"platform finding   status undefined data 5c24af3c6d515e32e4808104 ","level":"info"}
{"message":"Order finding   status false data 5c2723906f2c2331ece36334 ","level":"info"}
